# JRE version: Java(TM) SE Runtime Environment (8.0_162-b12) (build 1.8.0_162-b12)
# Java VM: Java HotSpot(TM) 64-Bit Server VM (25.162-b12 mixed mode windows-amd64 compressed oops)
Heap:
 PSYoungGen      total 139776K, used 25488K [0x00000000d6100000, 0x00000000e4300000, 0x0000000100000000)
  eden space 125440K, 20% used [0x00000000d6100000,0x00000000d79e42d8,0x00000000ddb80000)
  from space 14336K, 0% used [0x00000000e3500000,0x00000000e3500000,0x00000000e4300000)
  to   space 9216K, 0% used [0x00000000ddb80000,0x00000000ddb80000,0x00000000de480000)
 ParOldGen       total 47616K, used 18067K [0x0000000082200000, 0x0000000085080000, 0x00000000d6100000)
  object space 47616K, 37% used [0x0000000082200000,0x00000000833a4f68,0x0000000085080000)
 Metaspace       used 37760K, capacity 39394K, committed 39592K, reserved 1083392K
  class space    used 4943K, capacity 5251K, committed 5288K, reserved 1048576K
GC Heap History (10 events):
Event: 0.889 GC heap before
{Heap before GC invocations=6 (full 1):
 PSYoungGen      total 70656K, used 5058K [0x00000000d6100000, 0x00000000df200000, 0x0000000100000000)
  eden space 65536K, 0% used [0x00000000d6100000,0x00000000d6100000,0x00000000da100000)
  from space 5120K, 98% used [0x00000000da100000,0x00000000da5f0910,0x00000000da600000)
  to   space 8704K, 0% used [0x00000000de980000,0x00000000de980000,0x00000000df200000)
 ParOldGen       total 86016K, used 5268K [0x0000000082200000, 0x0000000087600000, 0x00000000d6100000)
  object space 86016K, 6% used [0x0000000082200000,0x0000000082725388,0x0000000087600000)
 Metaspace       used 20526K, capacity 21128K, committed 21296K, reserved 1067008K
  class space    used 2683K, capacity 2836K, committed 2944K, reserved 1048576K
Event: 0.904 GC heap after
Heap after GC invocations=6 (full 1):
 PSYoungGen      total 70656K, used 0K [0x00000000d6100000, 0x00000000df200000, 0x0000000100000000)
  eden space 65536K, 0% used [0x00000000d6100000,0x00000000d6100000,0x00000000da100000)
  from space 5120K, 0% used [0x00000000da100000,0x00000000da100000,0x00000000da600000)
  to   space 8704K, 0% used [0x00000000de980000,0x00000000de980000,0x00000000df200000)
 ParOldGen       total 47616K, used 4868K [0x0000000082200000, 0x0000000085080000, 0x00000000d6100000)
  object space 47616K, 10% used [0x0000000082200000,0x00000000826c1070,0x0000000085080000)
 Metaspace       used 20524K, capacity 21122K, committed 21296K, reserved 1067008K
  class space    used 2683K, capacity 2835K, committed 2944K, reserved 1048576K
}
Event: 1.064 GC heap before
{Heap before GC invocations=7 (full 1):
 PSYoungGen      total 70656K, used 65536K [0x00000000d6100000, 0x00000000df200000, 0x0000000100000000)
  eden space 65536K, 100% used [0x00000000d6100000,0x00000000da100000,0x00000000da100000)
  from space 5120K, 0% used [0x00000000da100000,0x00000000da100000,0x00000000da600000)
  to   space 8704K, 0% used [0x00000000de980000,0x00000000de980000,0x00000000df200000)
 ParOldGen       total 47616K, used 4868K [0x0000000082200000, 0x0000000085080000, 0x00000000d6100000)
  object space 47616K, 10% used [0x0000000082200000,0x00000000826c1070,0x0000000085080000)
 Metaspace       used 23092K, capacity 23860K, committed 23936K, reserved 1071104K
  class space    used 3010K, capacity 3198K, committed 3200K, reserved 1048576K
Event: 1.067 GC heap after
Heap after GC invocations=7 (full 1):
 PSYoungGen      total 120832K, used 3823K [0x00000000d6100000, 0x00000000ded80000, 0x0000000100000000)
  eden space 116736K, 0% used [0x00000000d6100000,0x00000000d6100000,0x00000000dd300000)
  from space 4096K, 93% used [0x00000000de980000,0x00000000ded3bef0,0x00000000ded80000)
  to   space 9216K, 0% used [0x00000000ddb80000,0x00000000ddb80000,0x00000000de480000)
 ParOldGen       total 47616K, used 4940K [0x0000000082200000, 0x0000000085080000, 0x00000000d6100000)
  object space 47616K, 10% used [0x0000000082200000,0x00000000826d3080,0x0000000085080000)
 Metaspace       used 23092K, capacity 23860K, committed 23936K, reserved 1071104K
  class space    used 3010K, capacity 3198K, committed 3200K, reserved 1048576K
}
Event: 2.191 GC heap before
{Heap before GC invocations=8 (full 1):
 PSYoungGen      total 120832K, used 120559K [0x00000000d6100000, 0x00000000ded80000, 0x0000000100000000)
  eden space 116736K, 100% used [0x00000000d6100000,0x00000000dd300000,0x00000000dd300000)
  from space 4096K, 93% used [0x00000000de980000,0x00000000ded3bef0,0x00000000ded80000)
  to   space 9216K, 0% used [0x00000000ddb80000,0x00000000ddb80000,0x00000000de480000)
 ParOldGen       total 47616K, used 4940K [0x0000000082200000, 0x0000000085080000, 0x00000000d6100000)
  object space 47616K, 10% used [0x0000000082200000,0x00000000826d3080,0x0000000085080000)
 Metaspace       used 32117K, capacity 33642K, committed 33792K, reserved 1079296K
  class space    used 4216K, capacity 4515K, committed 4608K, reserved 1048576K
Event: 2.203 GC heap after
Heap after GC invocations=8 (full 1):
 PSYoungGen      total 134656K, used 9213K [0x00000000d6100000, 0x00000000e4300000, 0x0000000100000000)
  eden space 125440K, 0% used [0x00000000d6100000,0x00000000d6100000,0x00000000ddb80000)
  from space 9216K, 99% used [0x00000000ddb80000,0x00000000de47f5a8,0x00000000de480000)
  to   space 14336K, 0% used [0x00000000e3500000,0x00000000e3500000,0x00000000e4300000)
 ParOldGen       total 47616K, used 13183K [0x0000000082200000, 0x0000000085080000, 0x00000000d6100000)
  object space 47616K, 27% used [0x0000000082200000,0x0000000082edfef0,0x0000000085080000)
 Metaspace       used 32117K, capacity 33642K, committed 33792K, reserved 1079296K
  class space    used 4216K, capacity 4515K, committed 4608K, reserved 1048576K
}
Event: 2.474 GC heap before
{Heap before GC invocations=9 (full 1):
 PSYoungGen      total 134656K, used 70016K [0x00000000d6100000, 0x00000000e4300000, 0x0000000100000000)
  eden space 125440K, 48% used [0x00000000d6100000,0x00000000d9c60c20,0x00000000ddb80000)
  from space 9216K, 99% used [0x00000000ddb80000,0x00000000de47f5a8,0x00000000de480000)
  to   space 14336K, 0% used [0x00000000e3500000,0x00000000e3500000,0x00000000e4300000)
 ParOldGen       total 47616K, used 13183K [0x0000000082200000, 0x0000000085080000, 0x00000000d6100000)
  object space 47616K, 27% used [0x0000000082200000,0x0000000082edfef0,0x0000000085080000)
 Metaspace       used 33845K, capacity 35412K, committed 35496K, reserved 1079296K
  class space    used 4440K, capacity 4746K, committed 4776K, reserved 1048576K
Event: 2.485 GC heap after
Heap after GC invocations=9 (full 1):
 PSYoungGen      total 139776K, used 11245K [0x00000000d6100000, 0x00000000e4300000, 0x0000000100000000)
  eden space 125440K, 0% used [0x00000000d6100000,0x00000000d6100000,0x00000000ddb80000)
  from space 14336K, 78% used [0x00000000e3500000,0x00000000e3ffb408,0x00000000e4300000)
  to   space 9216K, 0% used [0x00000000ddb80000,0x00000000ddb80000,0x00000000de480000)
 ParOldGen       total 47616K, used 13191K [0x0000000082200000, 0x0000000085080000, 0x00000000d6100000)
  object space 47616K, 27% used [0x0000000082200000,0x0000000082ee1ef0,0x0000000085080000)
 Metaspace       used 33845K, capacity 35412K, committed 35496K, reserved 1079296K
  class space    used 4440K, capacity 4746K, committed 4776K, reserved 1048576K
}
Event: 2.485 GC heap before
{Heap before GC invocations=10 (full 2):
 PSYoungGen      total 139776K, used 11245K [0x00000000d6100000, 0x00000000e4300000, 0x0000000100000000)
  eden space 125440K, 0% used [0x00000000d6100000,0x00000000d6100000,0x00000000ddb80000)
  from space 14336K, 78% used [0x00000000e3500000,0x00000000e3ffb408,0x00000000e4300000)
  to   space 9216K, 0% used [0x00000000ddb80000,0x00000000ddb80000,0x00000000de480000)
 ParOldGen       total 47616K, used 13191K [0x0000000082200000, 0x0000000085080000, 0x00000000d6100000)
  object space 47616K, 27% used [0x0000000082200000,0x0000000082ee1ef0,0x0000000085080000)
 Metaspace       used 33845K, capacity 35412K, committed 35496K, reserved 1079296K
  class space    used 4440K, capacity 4746K, committed 4776K, reserved 1048576K
Event: 2.520 GC heap after
Heap after GC invocations=10 (full 2):
 PSYoungGen      total 139776K, used 0K [0x00000000d6100000, 0x00000000e4300000, 0x0000000100000000)
  eden space 125440K, 0% used [0x00000000d6100000,0x00000000d6100000,0x00000000ddb80000)
  from space 14336K, 0% used [0x00000000e3500000,0x00000000e3500000,0x00000000e4300000)
  to   space 9216K, 0% used [0x00000000ddb80000,0x00000000ddb80000,0x00000000de480000)
 ParOldGen       total 47616K, used 18067K [0x0000000082200000, 0x0000000085080000, 0x00000000d6100000)
  object space 47616K, 37% used [0x0000000082200000,0x00000000833a4f68,0x0000000085080000)
 Metaspace       used 33845K, capacity 35412K, committed 35496K, reserved 1079296K
  class space    used 4440K, capacity 4746K, committed 4776K, reserved 1048576K
}

