# JRE version: Java(TM) SE Runtime Environment (8.0_162-b12) (build 1.8.0_162-b12)
# Java VM: Java HotSpot(TM) 64-Bit Server VM (25.162-b12 mixed mode windows-amd64 compressed oops)
Heap:
 PSYoungGen      total 217600K, used 6245K [0x00000000d6100000, 0x00000000e4f00000, 0x0000000100000000)
  eden space 204800K, 3% used [0x00000000d6100000,0x00000000d6719558,0x00000000e2900000)
  from space 12800K, 0% used [0x00000000e4280000,0x00000000e4280000,0x00000000e4f00000)
  to   space 19456K, 0% used [0x00000000e2900000,0x00000000e2900000,0x00000000e3c00000)
 ParOldGen       total 83968K, used 25360K [0x0000000082200000, 0x0000000087400000, 0x00000000d6100000)
  object space 83968K, 30% used [0x0000000082200000,0x0000000083ac4200,0x0000000087400000)
 Metaspace       used 56740K, capacity 59382K, committed 59416K, reserved 1099776K
  class space    used 7891K, capacity 8357K, committed 8360K, reserved 1048576K
GC Heap History (10 events):
Event: 2.384 GC heap before
{Heap before GC invocations=9 (full 1):
 PSYoungGen      total 113664K, used 18405K [0x00000000d6100000, 0x00000000e1680000, 0x0000000100000000)
  eden space 102912K, 7% used [0x00000000d6100000,0x00000000d687c9e0,0x00000000dc580000)
  from space 10752K, 99% used [0x00000000dc580000,0x00000000dcffca28,0x00000000dd000000)
  to   space 14336K, 0% used [0x00000000e0880000,0x00000000e0880000,0x00000000e1680000)
 ParOldGen       total 56832K, used 12608K [0x0000000082200000, 0x0000000085980000, 0x00000000d6100000)
  object space 56832K, 22% used [0x0000000082200000,0x0000000082e50020,0x0000000085980000)
 Metaspace       used 33852K, capacity 35416K, committed 35496K, reserved 1079296K
  class space    used 4433K, capacity 4746K, committed 4776K, reserved 1048576K
Event: 2.391 GC heap after
Heap after GC invocations=9 (full 1):
 PSYoungGen      total 170496K, used 11488K [0x00000000d6100000, 0x00000000e2700000, 0x0000000100000000)
  eden space 156160K, 0% used [0x00000000d6100000,0x00000000d6100000,0x00000000df980000)
  from space 14336K, 80% used [0x00000000e0880000,0x00000000e13b8020,0x00000000e1680000)
  to   space 15360K, 0% used [0x00000000df980000,0x00000000df980000,0x00000000e0880000)
 ParOldGen       total 56832K, used 12616K [0x0000000082200000, 0x0000000085980000, 0x00000000d6100000)
  object space 56832K, 22% used [0x0000000082200000,0x0000000082e52020,0x0000000085980000)
 Metaspace       used 33852K, capacity 35416K, committed 35496K, reserved 1079296K
  class space    used 4433K, capacity 4746K, committed 4776K, reserved 1048576K
}
Event: 2.391 GC heap before
{Heap before GC invocations=10 (full 2):
 PSYoungGen      total 170496K, used 11488K [0x00000000d6100000, 0x00000000e2700000, 0x0000000100000000)
  eden space 156160K, 0% used [0x00000000d6100000,0x00000000d6100000,0x00000000df980000)
  from space 14336K, 80% used [0x00000000e0880000,0x00000000e13b8020,0x00000000e1680000)
  to   space 15360K, 0% used [0x00000000df980000,0x00000000df980000,0x00000000e0880000)
 ParOldGen       total 56832K, used 12616K [0x0000000082200000, 0x0000000085980000, 0x00000000d6100000)
  object space 56832K, 22% used [0x0000000082200000,0x0000000082e52020,0x0000000085980000)
 Metaspace       used 33852K, capacity 35416K, committed 35496K, reserved 1079296K
  class space    used 4433K, capacity 4746K, committed 4776K, reserved 1048576K
Event: 2.432 GC heap after
Heap after GC invocations=10 (full 2):
 PSYoungGen      total 170496K, used 0K [0x00000000d6100000, 0x00000000e2700000, 0x0000000100000000)
  eden space 156160K, 0% used [0x00000000d6100000,0x00000000d6100000,0x00000000df980000)
  from space 14336K, 0% used [0x00000000e0880000,0x00000000e0880000,0x00000000e1680000)
  to   space 15360K, 0% used [0x00000000df980000,0x00000000df980000,0x00000000e0880000)
 ParOldGen       total 83968K, used 16747K [0x0000000082200000, 0x0000000087400000, 0x00000000d6100000)
  object space 83968K, 19% used [0x0000000082200000,0x000000008325ace0,0x0000000087400000)
 Metaspace       used 33852K, capacity 35416K, committed 35496K, reserved 1079296K
  class space    used 4433K, capacity 4746K, committed 4776K, reserved 1048576K
}
Event: 3.896 GC heap before
{Heap before GC invocations=11 (full 2):
 PSYoungGen      total 170496K, used 156160K [0x00000000d6100000, 0x00000000e2700000, 0x0000000100000000)
  eden space 156160K, 100% used [0x00000000d6100000,0x00000000df980000,0x00000000df980000)
  from space 14336K, 0% used [0x00000000e0880000,0x00000000e0880000,0x00000000e1680000)
  to   space 15360K, 0% used [0x00000000df980000,0x00000000df980000,0x00000000e0880000)
 ParOldGen       total 83968K, used 16747K [0x0000000082200000, 0x0000000087400000, 0x00000000d6100000)
  object space 83968K, 19% used [0x0000000082200000,0x000000008325ace0,0x0000000087400000)
 Metaspace       used 52797K, capacity 55088K, committed 55208K, reserved 1097728K
  class space    used 7321K, capacity 7728K, committed 7848K, reserved 1048576K
Event: 3.911 GC heap after
Heap after GC invocations=11 (full 2):
 PSYoungGen      total 171520K, used 15335K [0x00000000d6100000, 0x00000000e5600000, 0x0000000100000000)
  eden space 156160K, 0% used [0x00000000d6100000,0x00000000d6100000,0x00000000df980000)
  from space 15360K, 99% used [0x00000000df980000,0x00000000e0879da0,0x00000000e0880000)
  to   space 19968K, 0% used [0x00000000e4280000,0x00000000e4280000,0x00000000e5600000)
 ParOldGen       total 83968K, used 22336K [0x0000000082200000, 0x0000000087400000, 0x00000000d6100000)
  object space 83968K, 26% used [0x0000000082200000,0x00000000837d00e8,0x0000000087400000)
 Metaspace       used 52797K, capacity 55088K, committed 55208K, reserved 1097728K
  class space    used 7321K, capacity 7728K, committed 7848K, reserved 1048576K
}
Event: 12.343 GC heap before
{Heap before GC invocations=12 (full 2):
 PSYoungGen      total 171520K, used 87238K [0x00000000d6100000, 0x00000000e5600000, 0x0000000100000000)
  eden space 156160K, 46% used [0x00000000d6100000,0x00000000da737c38,0x00000000df980000)
  from space 15360K, 99% used [0x00000000df980000,0x00000000e0879da0,0x00000000e0880000)
  to   space 19968K, 0% used [0x00000000e4280000,0x00000000e4280000,0x00000000e5600000)
 ParOldGen       total 83968K, used 22336K [0x0000000082200000, 0x0000000087400000, 0x00000000d6100000)
  object space 83968K, 26% used [0x0000000082200000,0x00000000837d00e8,0x0000000087400000)
 Metaspace       used 56455K, capacity 59050K, committed 59160K, reserved 1099776K
  class space    used 7827K, capacity 8291K, committed 8360K, reserved 1048576K
Event: 12.352 GC heap after
Heap after GC invocations=12 (full 2):
 PSYoungGen      total 217600K, used 11319K [0x00000000d6100000, 0x00000000e4f00000, 0x0000000100000000)
  eden space 204800K, 0% used [0x00000000d6100000,0x00000000d6100000,0x00000000e2900000)
  from space 12800K, 88% used [0x00000000e4280000,0x00000000e4d8dd68,0x00000000e4f00000)
  to   space 19456K, 0% used [0x00000000e2900000,0x00000000e2900000,0x00000000e3c00000)
 ParOldGen       total 83968K, used 22344K [0x0000000082200000, 0x0000000087400000, 0x00000000d6100000)
  object space 83968K, 26% used [0x0000000082200000,0x00000000837d20e8,0x0000000087400000)
 Metaspace       used 56455K, capacity 59050K, committed 59160K, reserved 1099776K
  class space    used 7827K, capacity 8291K, committed 8360K, reserved 1048576K
}
Event: 12.352 GC heap before
{Heap before GC invocations=13 (full 3):
 PSYoungGen      total 217600K, used 11319K [0x00000000d6100000, 0x00000000e4f00000, 0x0000000100000000)
  eden space 204800K, 0% used [0x00000000d6100000,0x00000000d6100000,0x00000000e2900000)
  from space 12800K, 88% used [0x00000000e4280000,0x00000000e4d8dd68,0x00000000e4f00000)
  to   space 19456K, 0% used [0x00000000e2900000,0x00000000e2900000,0x00000000e3c00000)
 ParOldGen       total 83968K, used 22344K [0x0000000082200000, 0x0000000087400000, 0x00000000d6100000)
  object space 83968K, 26% used [0x0000000082200000,0x00000000837d20e8,0x0000000087400000)
 Metaspace       used 56455K, capacity 59050K, committed 59160K, reserved 1099776K
  class space    used 7827K, capacity 8291K, committed 8360K, reserved 1048576K
Event: 12.479 GC heap after
Heap after GC invocations=13 (full 3):
 PSYoungGen      total 217600K, used 0K [0x00000000d6100000, 0x00000000e4f00000, 0x0000000100000000)
  eden space 204800K, 0% used [0x00000000d6100000,0x00000000d6100000,0x00000000e2900000)
  from space 12800K, 0% used [0x00000000e4280000,0x00000000e4280000,0x00000000e4f00000)
  to   space 19456K, 0% used [0x00000000e2900000,0x00000000e2900000,0x00000000e3c00000)
 ParOldGen       total 83968K, used 25360K [0x0000000082200000, 0x0000000087400000, 0x00000000d6100000)
  object space 83968K, 30% used [0x0000000082200000,0x0000000083ac4200,0x0000000087400000)
 Metaspace       used 56455K, capacity 59050K, committed 59160K, reserved 1099776K
  class space    used 7827K, capacity 8291K, committed 8360K, reserved 1048576K
}

