# JRE version: Java(TM) SE Runtime Environment (8.0_162-b12) (build 1.8.0_162-b12)
# Java VM: Java HotSpot(TM) 64-Bit Server VM (25.162-b12 mixed mode windows-amd64 compressed oops)
Heap:
 PSYoungGen      total 217088K, used 20703K [0x00000000d6100000, 0x00000000e5200000, 0x0000000100000000)
  eden space 202240K, 10% used [0x00000000d6100000,0x00000000d7537c40,0x00000000e2680000)
  from space 14848K, 0% used [0x00000000e3580000,0x00000000e3580000,0x00000000e4400000)
  to   space 15360K, 0% used [0x00000000e2680000,0x00000000e2680000,0x00000000e3580000)
 ParOldGen       total 75776K, used 18051K [0x0000000082200000, 0x0000000086c00000, 0x00000000d6100000)
  object space 75776K, 23% used [0x0000000082200000,0x00000000833a0d48,0x0000000086c00000)
 Metaspace       used 36280K, capacity 37950K, committed 38144K, reserved 1083392K
  class space    used 4711K, capacity 5025K, committed 5120K, reserved 1048576K
GC Heap History (10 events):
Event: 0.896 GC heap before
{Heap before GC invocations=6 (full 1):
 PSYoungGen      total 70656K, used 5090K [0x00000000d6100000, 0x00000000df300000, 0x0000000100000000)
  eden space 65536K, 0% used [0x00000000d6100000,0x00000000d6100000,0x00000000da100000)
  from space 5120K, 99% used [0x00000000da100000,0x00000000da5f8910,0x00000000da600000)
  to   space 9216K, 0% used [0x00000000dea00000,0x00000000dea00000,0x00000000df300000)
 ParOldGen       total 86016K, used 5532K [0x0000000082200000, 0x0000000087600000, 0x00000000d6100000)
  object space 86016K, 6% used [0x0000000082200000,0x0000000082767290,0x0000000087600000)
 Metaspace       used 20576K, capacity 21164K, committed 21296K, reserved 1067008K
  class space    used 2698K, capacity 2868K, committed 2944K, reserved 1048576K
Event: 0.913 GC heap after
Heap after GC invocations=6 (full 1):
 PSYoungGen      total 70656K, used 0K [0x00000000d6100000, 0x00000000df300000, 0x0000000100000000)
  eden space 65536K, 0% used [0x00000000d6100000,0x00000000d6100000,0x00000000da100000)
  from space 5120K, 0% used [0x00000000da100000,0x00000000da100000,0x00000000da600000)
  to   space 9216K, 0% used [0x00000000dea00000,0x00000000dea00000,0x00000000df300000)
 ParOldGen       total 47616K, used 4939K [0x0000000082200000, 0x0000000085080000, 0x00000000d6100000)
  object space 47616K, 10% used [0x0000000082200000,0x00000000826d2d78,0x0000000085080000)
 Metaspace       used 20575K, capacity 21158K, committed 21296K, reserved 1067008K
  class space    used 2697K, capacity 2867K, committed 2944K, reserved 1048576K
}
Event: 1.088 GC heap before
{Heap before GC invocations=7 (full 1):
 PSYoungGen      total 70656K, used 65536K [0x00000000d6100000, 0x00000000df300000, 0x0000000100000000)
  eden space 65536K, 100% used [0x00000000d6100000,0x00000000da100000,0x00000000da100000)
  from space 5120K, 0% used [0x00000000da100000,0x00000000da100000,0x00000000da600000)
  to   space 9216K, 0% used [0x00000000dea00000,0x00000000dea00000,0x00000000df300000)
 ParOldGen       total 47616K, used 4939K [0x0000000082200000, 0x0000000085080000, 0x00000000d6100000)
  object space 47616K, 10% used [0x0000000082200000,0x00000000826d2d78,0x0000000085080000)
 Metaspace       used 23183K, capacity 23934K, committed 24192K, reserved 1071104K
  class space    used 3019K, capacity 3199K, committed 3200K, reserved 1048576K
Event: 1.091 GC heap after
Heap after GC invocations=7 (full 1):
 PSYoungGen      total 120832K, used 3893K [0x00000000d6100000, 0x00000000dee00000, 0x0000000100000000)
  eden space 116736K, 0% used [0x00000000d6100000,0x00000000d6100000,0x00000000dd300000)
  from space 4096K, 95% used [0x00000000dea00000,0x00000000dedcd7f0,0x00000000dee00000)
  to   space 9216K, 0% used [0x00000000ddc00000,0x00000000ddc00000,0x00000000de500000)
 ParOldGen       total 47616K, used 5011K [0x0000000082200000, 0x0000000085080000, 0x00000000d6100000)
  object space 47616K, 10% used [0x0000000082200000,0x00000000826e4d88,0x0000000085080000)
 Metaspace       used 23183K, capacity 23934K, committed 24192K, reserved 1071104K
  class space    used 3019K, capacity 3199K, committed 3200K, reserved 1048576K
}
Event: 2.236 GC heap before
{Heap before GC invocations=8 (full 1):
 PSYoungGen      total 120832K, used 120629K [0x00000000d6100000, 0x00000000dee00000, 0x0000000100000000)
  eden space 116736K, 100% used [0x00000000d6100000,0x00000000dd300000,0x00000000dd300000)
  from space 4096K, 95% used [0x00000000dea00000,0x00000000dedcd7f0,0x00000000dee00000)
  to   space 9216K, 0% used [0x00000000ddc00000,0x00000000ddc00000,0x00000000de500000)
 ParOldGen       total 47616K, used 5011K [0x0000000082200000, 0x0000000085080000, 0x00000000d6100000)
  object space 47616K, 10% used [0x0000000082200000,0x00000000826e4d88,0x0000000085080000)
 Metaspace       used 32169K, capacity 33638K, committed 33792K, reserved 1079296K
  class space    used 4214K, capacity 4515K, committed 4608K, reserved 1048576K
Event: 2.247 GC heap after
Heap after GC invocations=8 (full 1):
 PSYoungGen      total 135168K, used 9215K [0x00000000d6100000, 0x00000000e4400000, 0x0000000100000000)
  eden space 125952K, 0% used [0x00000000d6100000,0x00000000d6100000,0x00000000ddc00000)
  from space 9216K, 99% used [0x00000000ddc00000,0x00000000de4ffea0,0x00000000de500000)
  to   space 14848K, 0% used [0x00000000e3580000,0x00000000e3580000,0x00000000e4400000)
 ParOldGen       total 47616K, used 13202K [0x0000000082200000, 0x0000000085080000, 0x00000000d6100000)
  object space 47616K, 27% used [0x0000000082200000,0x0000000082ee4820,0x0000000085080000)
 Metaspace       used 32169K, capacity 33638K, committed 33792K, reserved 1079296K
  class space    used 4214K, capacity 4515K, committed 4608K, reserved 1048576K
}
Event: 2.469 GC heap before
{Heap before GC invocations=9 (full 1):
 PSYoungGen      total 135168K, used 66278K [0x00000000d6100000, 0x00000000e4400000, 0x0000000100000000)
  eden space 125952K, 45% used [0x00000000d6100000,0x00000000d98b9cc0,0x00000000ddc00000)
  from space 9216K, 99% used [0x00000000ddc00000,0x00000000de4ffea0,0x00000000de500000)
  to   space 14848K, 0% used [0x00000000e3580000,0x00000000e3580000,0x00000000e4400000)
 ParOldGen       total 47616K, used 13202K [0x0000000082200000, 0x0000000085080000, 0x00000000d6100000)
  object space 47616K, 27% used [0x0000000082200000,0x0000000082ee4820,0x0000000085080000)
 Metaspace       used 33847K, capacity 35384K, committed 35456K, reserved 1079296K
  class space    used 4427K, capacity 4714K, committed 4736K, reserved 1048576K
Event: 2.476 GC heap after
Heap after GC invocations=9 (full 1):
 PSYoungGen      total 217088K, used 11040K [0x00000000d6100000, 0x00000000e5200000, 0x0000000100000000)
  eden space 202240K, 0% used [0x00000000d6100000,0x00000000d6100000,0x00000000e2680000)
  from space 14848K, 74% used [0x00000000e3580000,0x00000000e4048378,0x00000000e4400000)
  to   space 15360K, 0% used [0x00000000e2680000,0x00000000e2680000,0x00000000e3580000)
 ParOldGen       total 47616K, used 13210K [0x0000000082200000, 0x0000000085080000, 0x00000000d6100000)
  object space 47616K, 27% used [0x0000000082200000,0x0000000082ee6820,0x0000000085080000)
 Metaspace       used 33847K, capacity 35384K, committed 35456K, reserved 1079296K
  class space    used 4427K, capacity 4714K, committed 4736K, reserved 1048576K
}
Event: 2.476 GC heap before
{Heap before GC invocations=10 (full 2):
 PSYoungGen      total 217088K, used 11040K [0x00000000d6100000, 0x00000000e5200000, 0x0000000100000000)
  eden space 202240K, 0% used [0x00000000d6100000,0x00000000d6100000,0x00000000e2680000)
  from space 14848K, 74% used [0x00000000e3580000,0x00000000e4048378,0x00000000e4400000)
  to   space 15360K, 0% used [0x00000000e2680000,0x00000000e2680000,0x00000000e3580000)
 ParOldGen       total 47616K, used 13210K [0x0000000082200000, 0x0000000085080000, 0x00000000d6100000)
  object space 47616K, 27% used [0x0000000082200000,0x0000000082ee6820,0x0000000085080000)
 Metaspace       used 33847K, capacity 35384K, committed 35456K, reserved 1079296K
  class space    used 4427K, capacity 4714K, committed 4736K, reserved 1048576K
Event: 2.508 GC heap after
Heap after GC invocations=10 (full 2):
 PSYoungGen      total 217088K, used 0K [0x00000000d6100000, 0x00000000e5200000, 0x0000000100000000)
  eden space 202240K, 0% used [0x00000000d6100000,0x00000000d6100000,0x00000000e2680000)
  from space 14848K, 0% used [0x00000000e3580000,0x00000000e3580000,0x00000000e4400000)
  to   space 15360K, 0% used [0x00000000e2680000,0x00000000e2680000,0x00000000e3580000)
 ParOldGen       total 75776K, used 18051K [0x0000000082200000, 0x0000000086c00000, 0x00000000d6100000)
  object space 75776K, 23% used [0x0000000082200000,0x00000000833a0d48,0x0000000086c00000)
 Metaspace       used 33847K, capacity 35384K, committed 35456K, reserved 1079296K
  class space    used 4427K, capacity 4714K, committed 4736K, reserved 1048576K
}

